<?xml version="1.0" encoding="UTF-8"?>
<testng-results skipped="0" failed="0" total="1" passed="1">
  <reporter-output>
  </reporter-output>
  <suite name="Default suite" duration-ms="11198" started-at="2015-05-09T16:02:41Z" finished-at="2015-05-09T16:02:52Z">
    <groups>
    </groups>
    <test name="Default test" duration-ms="11198" started-at="2015-05-09T16:02:41Z" finished-at="2015-05-09T16:02:52Z">
      <class name="com.testcases.VerifyShoesForAMonth">
        <test-method status="PASS" signature="verifyShoesForAMonth()[pri:0, instance:com.testcases.VerifyShoesForAMonth@c8c3b8]" name="verifyShoesForAMonth" duration-ms="11179" started-at="2015-05-09T12:02:41Z" finished-at="2015-05-09T12:02:52Z">
          <reporter-output>
          </reporter-output>
        </test-method> <!-- verifyShoesForAMonth -->
      </class> <!-- com.testcases.VerifyShoesForAMonth -->
    </test> <!-- Default test -->
  </suite> <!-- Default suite -->
</testng-results>
